This file contains any messages produced by compilers while
running configure, to aid debugging if configure makes a mistake.

It was created by SimpleBot configure 1.0, which was
generated by GNU Autoconf 2.69.  Invocation command line was

  $ ./configure 

## --------- ##
## Platform. ##
## --------- ##

hostname = ASHES
uname -m = x86_64
uname -r = 3.16.6-2-desktop
uname -s = Linux
uname -v = #1 SMP PREEMPT Mon Oct 20 13:47:22 UTC 2014 (feb42ea)

/usr/bin/uname -p = x86_64
/bin/uname -X     = unknown

/bin/arch              = x86_64
/usr/bin/arch -k       = unknown
/usr/convex/getsysinfo = unknown
/usr/bin/hostinfo      = unknown
/bin/machine           = unknown
/usr/bin/oslevel       = unknown
/bin/universe          = unknown

PATH: /usr/local/bin
PATH: /usr/bin
PATH: /bin
PATH: /usr/games
PATH: /usr/X11R6/bin


## ----------- ##
## Core tests. ##
## ----------- ##

configure:2123: checking for a BSD-compatible install
configure:2191: result: /usr/bin/install -c
configure:2202: checking whether build environment is sane
configure:2257: result: yes
configure:2408: checking for a thread-safe mkdir -p
configure:2447: result: /usr/bin/mkdir -p
configure:2454: checking for gawk
configure:2470: found /usr/bin/gawk
configure:2481: result: gawk
configure:2492: checking whether make sets $(MAKE)
configure:2514: result: yes
configure:2543: checking whether make supports nested variables
configure:2560: result: yes
configure:2694: checking for gcc
configure:2710: found /usr/bin/gcc
configure:2721: result: gcc
configure:2950: checking for C compiler version
configure:2959: gcc --version >&5
gcc (SUSE Linux) 4.8.3 20140627 [gcc-4_8-branch revision 212064]
Copyright (C) 2013 Free Software Foundation, Inc.
This is free software; see the source for copying conditions.  There is NO
warranty; not even for MERCHANTABILITY or FITNESS FOR A PARTICULAR PURPOSE.

configure:2970: $? = 0
configure:2959: gcc -v >&5
Using built-in specs.
COLLECT_GCC=gcc
COLLECT_LTO_WRAPPER=/usr/lib64/gcc/x86_64-suse-linux/4.8/lto-wrapper
Target: x86_64-suse-linux
Configured with: ../configure --prefix=/usr --infodir=/usr/share/info --mandir=/usr/share/man --libdir=/usr/lib64 --libexecdir=/usr/lib64 --enable-languages=c,c++,objc,fortran,obj-c++,java,ada --enable-checking=release --with-gxx-include-dir=/usr/include/c++/4.8 --enable-ssp --disable-libssp --disable-plugin --with-bugurl=http://bugs.opensuse.org/ --with-pkgversion='SUSE Linux' --disable-libgcj --disable-libmudflap --with-slibdir=/lib64 --with-system-zlib --enable-__cxa_atexit --enable-libstdcxx-allocator=new --disable-libstdcxx-pch --enable-version-specific-runtime-libs --enable-linker-build-id --enable-linux-futex --program-suffix=-4.8 --without-system-libunwind --with-arch-32=i586 --with-tune=generic --build=x86_64-suse-linux --host=x86_64-suse-linux
Thread model: posix
gcc version 4.8.3 20140627 [gcc-4_8-branch revision 212064] (SUSE Linux) 
configure:2970: $? = 0
configure:2959: gcc -V >&5
gcc: error: unrecognized command line option '-V'
gcc: fatal error: no input files
compilation terminated.
configure:2970: $? = 1
configure:2959: gcc -qversion >&5
gcc: error: unrecognized command line option '-qversion'
gcc: fatal error: no input files
compilation terminated.
configure:2970: $? = 1
configure:2990: checking whether the C compiler works
configure:3012: gcc    conftest.c  >&5
configure:3016: $? = 0
configure:3064: result: yes
configure:3067: checking for C compiler default output file name
configure:3069: result: a.out
configure:3075: checking for suffix of executables
configure:3082: gcc -o conftest    conftest.c  >&5
configure:3086: $? = 0
configure:3108: result: 
configure:3130: checking whether we are cross compiling
configure:3138: gcc -o conftest    conftest.c  >&5
configure:3142: $? = 0
configure:3149: ./conftest
configure:3153: $? = 0
configure:3168: result: no
configure:3173: checking for suffix of object files
configure:3195: gcc -c   conftest.c >&5
configure:3199: $? = 0
configure:3220: result: o
configure:3224: checking whether we are using the GNU C compiler
configure:3243: gcc -c   conftest.c >&5
configure:3243: $? = 0
configure:3252: result: yes
configure:3261: checking whether gcc accepts -g
configure:3281: gcc -c -g  conftest.c >&5
configure:3281: $? = 0
configure:3322: result: yes
configure:3339: checking for gcc option to accept ISO C89
configure:3402: gcc  -c -g -O2  conftest.c >&5
configure:3402: $? = 0
configure:3415: result: none needed
configure:3446: checking for style of include used by make
configure:3474: result: GNU
configure:3500: checking dependency style of gcc
configure:3611: result: gcc3
configure:3629: checking for readline in -lreadline
configure:3654: gcc -o conftest -g -O2   conftest.c -lreadline   >&5
configure:3654: $? = 0
configure:3663: result: yes
configure:3674: checking for Hunspell_spell in -lhunspell
configure:3699: gcc -o conftest -g -O2   conftest.c -lhunspell  -lreadline  >&5
configure:3699: $? = 0
configure:3708: result: yes
configure:3726: checking how to run the C preprocessor
configure:3757: gcc -E  conftest.c
configure:3757: $? = 0
configure:3771: gcc -E  conftest.c
conftest.c:13:28: fatal error: ac_nonexistent.h: No such file or directory
 #include <ac_nonexistent.h>
                            ^
compilation terminated.
configure:3771: $? = 1
configure: failed program was:
| /* confdefs.h */
| #define PACKAGE_NAME "SimpleBot"
| #define PACKAGE_TARNAME "simplebot"
| #define PACKAGE_VERSION "1.0"
| #define PACKAGE_STRING "SimpleBot 1.0"
| #define PACKAGE_BUGREPORT "joerg.strebel@gmail.com"
| #define PACKAGE_URL ""
| #define PACKAGE "simplebot"
| #define VERSION "1.0"
| #define HAVE_LIBREADLINE 1
| #define HAVE_LIBHUNSPELL 1
| /* end confdefs.h.  */
| #include <ac_nonexistent.h>
configure:3796: result: gcc -E
configure:3816: gcc -E  conftest.c
configure:3816: $? = 0
configure:3830: gcc -E  conftest.c
conftest.c:13:28: fatal error: ac_nonexistent.h: No such file or directory
 #include <ac_nonexistent.h>
                            ^
compilation terminated.
configure:3830: $? = 1
configure: failed program was:
| /* confdefs.h */
| #define PACKAGE_NAME "SimpleBot"
| #define PACKAGE_TARNAME "simplebot"
| #define PACKAGE_VERSION "1.0"
| #define PACKAGE_STRING "SimpleBot 1.0"
| #define PACKAGE_BUGREPORT "joerg.strebel@gmail.com"
| #define PACKAGE_URL ""
| #define PACKAGE "simplebot"
| #define VERSION "1.0"
| #define HAVE_LIBREADLINE 1
| #define HAVE_LIBHUNSPELL 1
| /* end confdefs.h.  */
| #include <ac_nonexistent.h>
configure:3859: checking for grep that handles long lines and -e
configure:3917: result: /usr/bin/grep
configure:3922: checking for egrep
configure:3984: result: /usr/bin/grep -E
configure:3989: checking for ANSI C header files
configure:4009: gcc -c -g -O2  conftest.c >&5
configure:4009: $? = 0
configure:4082: gcc -o conftest -g -O2   conftest.c -lhunspell -lreadline  >&5
configure:4082: $? = 0
configure:4082: ./conftest
configure:4082: $? = 0
configure:4093: result: yes
configure:4106: checking for sys/types.h
configure:4106: gcc -c -g -O2  conftest.c >&5
configure:4106: $? = 0
configure:4106: result: yes
configure:4106: checking for sys/stat.h
configure:4106: gcc -c -g -O2  conftest.c >&5
configure:4106: $? = 0
configure:4106: result: yes
configure:4106: checking for stdlib.h
configure:4106: gcc -c -g -O2  conftest.c >&5
configure:4106: $? = 0
configure:4106: result: yes
configure:4106: checking for string.h
configure:4106: gcc -c -g -O2  conftest.c >&5
configure:4106: $? = 0
configure:4106: result: yes
configure:4106: checking for memory.h
configure:4106: gcc -c -g -O2  conftest.c >&5
configure:4106: $? = 0
configure:4106: result: yes
configure:4106: checking for strings.h
configure:4106: gcc -c -g -O2  conftest.c >&5
configure:4106: $? = 0
configure:4106: result: yes
configure:4106: checking for inttypes.h
configure:4106: gcc -c -g -O2  conftest.c >&5
configure:4106: $? = 0
configure:4106: result: yes
configure:4106: checking for stdint.h
configure:4106: gcc -c -g -O2  conftest.c >&5
configure:4106: $? = 0
configure:4106: result: yes
configure:4106: checking for unistd.h
configure:4106: gcc -c -g -O2  conftest.c >&5
configure:4106: $? = 0
configure:4106: result: yes
configure:4121: checking for stdlib.h
configure:4121: result: yes
configure:4121: checking for unistd.h
configure:4121: result: yes
configure:4121: checking readline/readline.h usability
configure:4121: gcc -c -g -O2  conftest.c >&5
configure:4121: $? = 0
configure:4121: result: yes
configure:4121: checking readline/readline.h presence
configure:4121: gcc -E  conftest.c
configure:4121: $? = 0
configure:4121: result: yes
configure:4121: checking for readline/readline.h
configure:4121: result: yes
configure:4121: checking for string.h
configure:4121: result: yes
configure:4137: checking for stdlib.h
configure:4137: result: yes
configure:4147: checking for GNU libc compatible malloc
configure:4171: gcc -o conftest -g -O2   conftest.c -lhunspell -lreadline  >&5
configure:4171: $? = 0
configure:4171: ./conftest
configure:4171: $? = 0
configure:4181: result: yes
configure:4350: checking that generated files are newer than configure
configure:4356: result: done
configure:4379: creating ./config.status

## ---------------------- ##
## Running config.status. ##
## ---------------------- ##

This file was extended by SimpleBot config.status 1.0, which was
generated by GNU Autoconf 2.69.  Invocation command line was

  CONFIG_FILES    = 
  CONFIG_HEADERS  = 
  CONFIG_LINKS    = 
  CONFIG_COMMANDS = 
  $ ./config.status 

on ASHES

config.status:781: creating Makefile
config.status:781: creating src/Makefile
config.status:781: creating doc/Makefile
config.status:781: creating man/Makefile
config.status:781: creating script/Makefile
config.status:953: executing depfiles commands

## ---------------- ##
## Cache variables. ##
## ---------------- ##

ac_cv_c_compiler_gnu=yes
ac_cv_env_CC_set=
ac_cv_env_CC_value=
ac_cv_env_CFLAGS_set=
ac_cv_env_CFLAGS_value=
ac_cv_env_CPPFLAGS_set=
ac_cv_env_CPPFLAGS_value=
ac_cv_env_CPP_set=
ac_cv_env_CPP_value=
ac_cv_env_LDFLAGS_set=
ac_cv_env_LDFLAGS_value=
ac_cv_env_LIBS_set=
ac_cv_env_LIBS_value=
ac_cv_env_build_alias_set=
ac_cv_env_build_alias_value=
ac_cv_env_host_alias_set=
ac_cv_env_host_alias_value=
ac_cv_env_target_alias_set=
ac_cv_env_target_alias_value=
ac_cv_func_malloc_0_nonnull=yes
ac_cv_header_inttypes_h=yes
ac_cv_header_memory_h=yes
ac_cv_header_readline_readline_h=yes
ac_cv_header_stdc=yes
ac_cv_header_stdint_h=yes
ac_cv_header_stdlib_h=yes
ac_cv_header_string_h=yes
ac_cv_header_strings_h=yes
ac_cv_header_sys_stat_h=yes
ac_cv_header_sys_types_h=yes
ac_cv_header_unistd_h=yes
ac_cv_lib_hunspell_Hunspell_spell=yes
ac_cv_lib_readline_readline=yes
ac_cv_objext=o
ac_cv_path_EGREP='/usr/bin/grep -E'
ac_cv_path_GREP=/usr/bin/grep
ac_cv_path_install='/usr/bin/install -c'
ac_cv_path_mkdir=/usr/bin/mkdir
ac_cv_prog_AWK=gawk
ac_cv_prog_CPP='gcc -E'
ac_cv_prog_ac_ct_CC=gcc
ac_cv_prog_cc_c89=
ac_cv_prog_cc_g=yes
ac_cv_prog_make_make_set=yes
am_cv_CC_dependencies_compiler_type=gcc3
am_cv_make_support_nested_variables=yes

## ----------------- ##
## Output variables. ##
## ----------------- ##

ACLOCAL='${SHELL} /home/jstrebel/devel/simplebot/missing aclocal-1.13'
AMDEPBACKSLASH='\'
AMDEP_FALSE='#'
AMDEP_TRUE=''
AMTAR='$${TAR-tar}'
AM_BACKSLASH='\'
AM_DEFAULT_V='$(AM_DEFAULT_VERBOSITY)'
AM_DEFAULT_VERBOSITY='1'
AM_V='$(V)'
AUTOCONF='${SHELL} /home/jstrebel/devel/simplebot/missing autoconf'
AUTOHEADER='${SHELL} /home/jstrebel/devel/simplebot/missing autoheader'
AUTOMAKE='${SHELL} /home/jstrebel/devel/simplebot/missing automake-1.13'
AWK='gawk'
CC='gcc'
CCDEPMODE='depmode=gcc3'
CFLAGS='-g -O2'
CPP='gcc -E'
CPPFLAGS=''
CYGPATH_W='echo'
DEFS='-DPACKAGE_NAME=\"SimpleBot\" -DPACKAGE_TARNAME=\"simplebot\" -DPACKAGE_VERSION=\"1.0\" -DPACKAGE_STRING=\"SimpleBot\ 1.0\" -DPACKAGE_BUGREPORT=\"joerg.strebel@gmail.com\" -DPACKAGE_URL=\"\" -DPACKAGE=\"simplebot\" -DVERSION=\"1.0\" -DHAVE_LIBREADLINE=1 -DHAVE_LIBHUNSPELL=1 -DSTDC_HEADERS=1 -DHAVE_SYS_TYPES_H=1 -DHAVE_SYS_STAT_H=1 -DHAVE_STDLIB_H=1 -DHAVE_STRING_H=1 -DHAVE_MEMORY_H=1 -DHAVE_STRINGS_H=1 -DHAVE_INTTYPES_H=1 -DHAVE_STDINT_H=1 -DHAVE_UNISTD_H=1 -DHAVE_STDLIB_H=1 -DHAVE_UNISTD_H=1 -DHAVE_READLINE_READLINE_H=1 -DHAVE_STRING_H=1 -DHAVE_STDLIB_H=1 -DHAVE_MALLOC=1'
DEPDIR='.deps'
ECHO_C=''
ECHO_N='-n'
ECHO_T=''
EGREP='/usr/bin/grep -E'
EXEEXT=''
GREP='/usr/bin/grep'
INSTALL_DATA='${INSTALL} -m 644'
INSTALL_PROGRAM='${INSTALL}'
INSTALL_SCRIPT='${INSTALL}'
INSTALL_STRIP_PROGRAM='$(install_sh) -c -s'
LDFLAGS=''
LIBOBJS=''
LIBS='-lhunspell -lreadline '
LTLIBOBJS=''
MAKEINFO='${SHELL} /home/jstrebel/devel/simplebot/missing makeinfo'
MKDIR_P='/usr/bin/mkdir -p'
OBJEXT='o'
PACKAGE='simplebot'
PACKAGE_BUGREPORT='joerg.strebel@gmail.com'
PACKAGE_NAME='SimpleBot'
PACKAGE_STRING='SimpleBot 1.0'
PACKAGE_TARNAME='simplebot'
PACKAGE_URL=''
PACKAGE_VERSION='1.0'
PATH_SEPARATOR=':'
SET_MAKE=''
SHELL='/bin/sh'
STRIP=''
VERSION='1.0'
ac_ct_CC='gcc'
am__EXEEXT_FALSE=''
am__EXEEXT_TRUE='#'
am__fastdepCC_FALSE='#'
am__fastdepCC_TRUE=''
am__include='include'
am__isrc=''
am__leading_dot='.'
am__nodep='_no'
am__quote=''
am__tar='$${TAR-tar} chof - "$$tardir"'
am__untar='$${TAR-tar} xf -'
bindir='${exec_prefix}/bin'
build_alias=''
datadir='${datarootdir}'
datarootdir='${prefix}/share'
docdir='${datarootdir}/doc/${PACKAGE_TARNAME}'
dvidir='${docdir}'
exec_prefix='${prefix}'
host_alias=''
htmldir='${docdir}'
includedir='${prefix}/include'
infodir='${datarootdir}/info'
install_sh='${SHELL} /home/jstrebel/devel/simplebot/install-sh'
libdir='${exec_prefix}/lib'
libexecdir='${exec_prefix}/libexec'
localedir='${datarootdir}/locale'
localstatedir='${prefix}/var'
mandir='${datarootdir}/man'
mkdir_p='$(MKDIR_P)'
oldincludedir='/usr/include'
pdfdir='${docdir}'
prefix='/usr/local'
program_transform_name='s,x,x,'
psdir='${docdir}'
sbindir='${exec_prefix}/sbin'
sharedstatedir='${prefix}/com'
sysconfdir='${prefix}/etc'
target_alias=''

## ----------- ##
## confdefs.h. ##
## ----------- ##

/* confdefs.h */
#define PACKAGE_NAME "SimpleBot"
#define PACKAGE_TARNAME "simplebot"
#define PACKAGE_VERSION "1.0"
#define PACKAGE_STRING "SimpleBot 1.0"
#define PACKAGE_BUGREPORT "joerg.strebel@gmail.com"
#define PACKAGE_URL ""
#define PACKAGE "simplebot"
#define VERSION "1.0"
#define HAVE_LIBREADLINE 1
#define HAVE_LIBHUNSPELL 1
#define STDC_HEADERS 1
#define HAVE_SYS_TYPES_H 1
#define HAVE_SYS_STAT_H 1
#define HAVE_STDLIB_H 1
#define HAVE_STRING_H 1
#define HAVE_MEMORY_H 1
#define HAVE_STRINGS_H 1
#define HAVE_INTTYPES_H 1
#define HAVE_STDINT_H 1
#define HAVE_UNISTD_H 1
#define HAVE_STDLIB_H 1
#define HAVE_UNISTD_H 1
#define HAVE_READLINE_READLINE_H 1
#define HAVE_STRING_H 1
#define HAVE_STDLIB_H 1
#define HAVE_MALLOC 1

configure: exit 0
